<?xml version="1.0" encoding="UTF-8"?>
<!-- Generated by org.testng.reporters.JUnitReportReporter -->
<testsuite hostname="DESKTOP-FDDB765" failures="0" tests="1" name="demoChecking.NewTest1" time="3.936" errors="0" timestamp="2025-08-21T22:23:04 IST" skipped="0">
  <testcase classname="demoChecking.NewTest1" name="f" time="3.936"/>
</testsuite> <!-- demoChecking.NewTest1 -->
