<?xml version="1.0" encoding="UTF-8"?>
<!-- Generated by org.testng.reporters.JUnitReportReporter -->
<testsuite hostname="DESKTOP-FDDB765" failures="0" tests="2" name="demoSecond.SecondCheck" time="6.061" errors="0" timestamp="2025-08-22T00:10:52 IST" skipped="0">
  <testcase classname="demoSecond.SecondCheck" name="f" time="3.375"/>
  <testcase classname="demoSecond.SecondCheck" name="f2" time="2.686"/>
</testsuite> <!-- demoSecond.SecondCheck -->
